0 info it worked if it ends with ok
1 verbose cli [ '/Users/hart/.nvm/versions/node/v7.5.0/bin/node',
1 verbose cli   '/users/hart/.nvm/versions/node/v7.5.0/bin/npm',
1 verbose cli   'start' ]
2 info using npm@4.1.2
3 info using node@v7.5.0
4 verbose run-script [ 'prestart', 'start', 'poststart' ]
5 info lifecycle shook@1.0.0~prestart: shook@1.0.0
6 silly lifecycle shook@1.0.0~prestart: no script for prestart, continuing
7 info lifecycle shook@1.0.0~start: shook@1.0.0
8 verbose lifecycle shook@1.0.0~start: unsafe-perm in lifecycle true
9 verbose lifecycle shook@1.0.0~start: PATH: /users/hart/.nvm/versions/node/v7.5.0/lib/node_modules/npm/bin/node-gyp-bin:/Users/hart/Documents/Q2-project/shook/node_modules/.bin:/usr/local/share/python/:/users/hart/.nvm/versions/node/v7.5.0/bin:/usr/local/bin:/usr/bin:/bin:/usr/sbin:/sbin
10 verbose lifecycle shook@1.0.0~start: CWD: /Users/hart/Documents/Q2-project/shook
11 silly lifecycle shook@1.0.0~start: Args: [ '-c', 'node ./bin/www' ]
12 silly lifecycle shook@1.0.0~start: Returned: code: 1  signal: null
13 info lifecycle shook@1.0.0~start: Failed to exec start script
14 verbose stack Error: shook@1.0.0 start: `node ./bin/www`
14 verbose stack Exit status 1
14 verbose stack     at EventEmitter.<anonymous> (/users/hart/.nvm/versions/node/v7.5.0/lib/node_modules/npm/lib/utils/lifecycle.js:279:16)
14 verbose stack     at emitTwo (events.js:106:13)
14 verbose stack     at EventEmitter.emit (events.js:192:7)
14 verbose stack     at ChildProcess.<anonymous> (/users/hart/.nvm/versions/node/v7.5.0/lib/node_modules/npm/lib/utils/spawn.js:40:14)
14 verbose stack     at emitTwo (events.js:106:13)
14 verbose stack     at ChildProcess.emit (events.js:192:7)
14 verbose stack     at maybeClose (internal/child_process.js:890:16)
14 verbose stack     at Process.ChildProcess._handle.onexit (internal/child_process.js:226:5)
15 verbose pkgid shook@1.0.0
16 verbose cwd /Users/hart/Documents/Q2-project/shook
17 error Darwin 16.5.0
18 error argv "/Users/hart/.nvm/versions/node/v7.5.0/bin/node" "/users/hart/.nvm/versions/node/v7.5.0/bin/npm" "start"
19 error node v7.5.0
20 error npm  v4.1.2
21 error code ELIFECYCLE
22 error shook@1.0.0 start: `node ./bin/www`
22 error Exit status 1
23 error Failed at the shook@1.0.0 start script 'node ./bin/www'.
23 error Make sure you have the latest version of node.js and npm installed.
23 error If you do, this is most likely a problem with the shook package,
23 error not with npm itself.
23 error Tell the author that this fails on your system:
23 error     node ./bin/www
23 error You can get information on how to open an issue for this project with:
23 error     npm bugs shook
23 error Or if that isn't available, you can get their info via:
23 error     npm owner ls shook
23 error There is likely additional logging output above.
24 verbose exit [ 1, true ]
